<?xml version="1.0" encoding="UTF-8"?>
<!-- Generated by org.testng.reporters.JUnitReportReporter -->
<testsuite hostname="Phillips-MacBook-Pro.local" name="com.pphou.Southwest.tests.TestFlightsPrices" tests="1" failures="0" timestamp="28 Dec 2016 23:12:30 GMT" time="5.939" errors="0">
  <testcase name="getCheapPrices" time="5.939" classname="com.pphou.Southwest.tests.TestFlightsPrices"/>
</testsuite> <!-- com.pphou.Southwest.tests.TestFlightsPrices -->
